2022-11-02 11:12:44,380 - INFO - 22 - Making addition 2+2
2022-11-02 11:12:44,381 - INFO - 22 - Making addition -4+2
2022-11-02 11:12:44,382 - INFO - 22 - Making addition 2.2+3.2
2022-11-02 11:12:44,382 - INFO - 22 - Making addition 2.2+3.2
2022-11-02 11:12:44,383 - INFO - 22 - Making addition 2+s
2022-11-02 11:12:44,384 - CRITICAL - 26 - Error - <class 'TypeError'>
2022-11-02 11:12:44,388 - INFO - 22 - Making addition 2+2
2022-11-02 11:12:44,388 - INFO - 22 - Making addition -4+2
2022-11-02 11:12:44,390 - INFO - 22 - Making addition 2.2+3.2
2022-11-02 11:12:44,390 - INFO - 22 - Making addition 2.2+3.2
2022-11-02 11:12:44,392 - INFO - 40 - Making subtraction 8-4
2022-11-02 11:12:44,393 - INFO - 40 - Making subtraction 4-8
2022-11-02 11:12:44,394 - INFO - 40 - Making subtraction 8-8
2022-11-02 11:12:44,397 - INFO - 40 - Making subtraction 3.2-2.2
2022-11-02 11:12:44,399 - INFO - 40 - Making subtraction 3.2-2.2
2022-11-02 11:12:44,401 - INFO - 40 - Making subtraction 2-s
2022-11-02 11:12:44,402 - CRITICAL - 44 - Error - <class 'TypeError'>
2022-11-02 11:12:44,403 - INFO - 58 - Making multiplication 2*2
2022-11-02 11:12:44,404 - INFO - 58 - Making multiplication -2*2
2022-11-02 11:12:44,405 - INFO - 58 - Making multiplication 2.5*3
2022-11-02 11:12:44,406 - INFO - 58 - Making multiplication 2.5*3
2022-11-02 11:12:44,408 - INFO - 58 - Making multiplication Hola*s
2022-11-02 11:12:44,409 - CRITICAL - 62 - Error - <class 'TypeError'>
2022-11-02 11:12:44,410 - INFO - 76 - Making division 8/2
2022-11-02 11:12:44,410 - INFO - 76 - Making division 2.2/2
2022-11-02 11:12:44,411 - INFO - 76 - Making division 2.2/2
2022-11-02 11:12:44,412 - INFO - 76 - Making division 2/0
2022-11-02 11:12:44,413 - CRITICAL - 80 - Error - <class 'ZeroDivisionError'>
2022-11-02 11:12:44,415 - INFO - 76 - Making division 2/s
2022-11-02 11:12:44,417 - CRITICAL - 84 - Error - <class 'TypeError'>
2022-11-02 11:12:44,421 - INFO - 76 - Making division 8/2
2022-11-02 11:12:44,422 - INFO - 76 - Making division 2.2/2
2022-11-02 11:12:44,424 - INFO - 76 - Making division 2.2/2
2022-11-02 11:12:44,425 - INFO - 76 - Making division 2/0
2022-11-02 11:12:44,426 - CRITICAL - 80 - Error - <class 'ZeroDivisionError'>
2022-11-02 11:12:44,427 - INFO - 76 - Making division 2/s
2022-11-02 11:12:44,427 - CRITICAL - 84 - Error - <class 'TypeError'>
2022-11-02 11:12:44,430 - INFO - 58 - Making multiplication 2*2
2022-11-02 11:12:44,431 - INFO - 58 - Making multiplication -2*2
2022-11-02 11:12:44,432 - INFO - 58 - Making multiplication 2.5*3
2022-11-02 11:12:44,433 - INFO - 58 - Making multiplication 2.5*3
2022-11-02 11:12:44,434 - INFO - 58 - Making multiplication s*s
2022-11-02 11:12:44,435 - CRITICAL - 62 - Error - <class 'TypeError'>
2022-11-02 11:12:44,441 - INFO - 40 - Making subtraction 8-4
2022-11-02 11:12:44,442 - INFO - 40 - Making subtraction 4-8
2022-11-02 11:12:44,443 - INFO - 40 - Making subtraction 8-8
2022-11-02 11:12:44,444 - INFO - 40 - Making subtraction 3.2-2.2
2022-11-02 11:12:44,445 - INFO - 40 - Making subtraction 3.2-2.2
2022-11-02 11:12:44,446 - INFO - 40 - Making subtraction 2-s
2022-11-02 11:12:44,447 - CRITICAL - 44 - Error - <class 'TypeError'>
2022-11-02 11:12:44,483 - INFO - 22 - Making addition 2+2
2022-11-02 11:12:44,486 - INFO - 22 - Making addition -4+2
2022-11-02 11:12:44,489 - INFO - 22 - Making addition 2.2+3.2
2022-11-02 11:12:44,490 - INFO - 22 - Making addition 2.2+3.2
2022-11-02 11:12:44,491 - INFO - 22 - Making addition 2+s
2022-11-02 11:12:44,491 - CRITICAL - 26 - Error - <class 'TypeError'>
2022-11-02 11:12:44,494 - INFO - 22 - Making addition 2+2
2022-11-02 11:12:44,495 - INFO - 22 - Making addition -4+2
2022-11-02 11:12:44,496 - INFO - 22 - Making addition 2.2+3.2
2022-11-02 11:12:44,496 - INFO - 22 - Making addition 2.2+3.2
2022-11-02 11:12:44,497 - INFO - 40 - Making subtraction 8-4
2022-11-02 11:12:44,499 - INFO - 40 - Making subtraction 4-8
2022-11-02 11:12:44,500 - INFO - 40 - Making subtraction 8-8
2022-11-02 11:12:44,502 - INFO - 40 - Making subtraction 3.2-2.2
2022-11-02 11:12:44,503 - INFO - 40 - Making subtraction 3.2-2.2
2022-11-02 11:12:44,506 - INFO - 40 - Making subtraction 2-s
2022-11-02 11:12:44,507 - CRITICAL - 44 - Error - <class 'TypeError'>
2022-11-02 11:12:44,509 - INFO - 58 - Making multiplication 2*2
2022-11-02 11:12:44,510 - INFO - 58 - Making multiplication -2*2
2022-11-02 11:12:44,511 - INFO - 58 - Making multiplication 2.5*3
2022-11-02 11:12:44,512 - INFO - 58 - Making multiplication 2.5*3
2022-11-02 11:12:44,513 - INFO - 58 - Making multiplication Hola*s
2022-11-02 11:12:44,514 - CRITICAL - 62 - Error - <class 'TypeError'>
2022-11-02 11:12:44,516 - INFO - 76 - Making division 8/2
2022-11-02 11:12:44,518 - INFO - 76 - Making division 2.2/2
2022-11-02 11:12:44,521 - INFO - 76 - Making division 2.2/2
2022-11-02 11:12:44,523 - INFO - 76 - Making division 2/0
2022-11-02 11:12:44,523 - CRITICAL - 80 - Error - <class 'ZeroDivisionError'>
2022-11-02 11:12:44,525 - INFO - 76 - Making division 2/s
2022-11-02 11:12:44,525 - CRITICAL - 84 - Error - <class 'TypeError'>
2022-11-02 11:12:44,528 - INFO - 76 - Making division 8/2
2022-11-02 11:12:44,529 - INFO - 76 - Making division 2.2/2
2022-11-02 11:12:44,530 - INFO - 76 - Making division 2.2/2
2022-11-02 11:12:44,531 - INFO - 76 - Making division 2/0
2022-11-02 11:12:44,532 - CRITICAL - 80 - Error - <class 'ZeroDivisionError'>
2022-11-02 11:12:44,533 - INFO - 76 - Making division 2/s
2022-11-02 11:12:44,536 - CRITICAL - 84 - Error - <class 'TypeError'>
2022-11-02 11:12:44,541 - INFO - 58 - Making multiplication 2*2
2022-11-02 11:12:44,542 - INFO - 58 - Making multiplication -2*2
2022-11-02 11:12:44,544 - INFO - 58 - Making multiplication 2.5*3
2022-11-02 11:12:44,545 - INFO - 58 - Making multiplication 2.5*3
2022-11-02 11:12:44,546 - INFO - 58 - Making multiplication s*s
2022-11-02 11:12:44,547 - CRITICAL - 62 - Error - <class 'TypeError'>
2022-11-02 11:12:44,550 - INFO - 40 - Making subtraction 8-4
2022-11-02 11:12:44,553 - INFO - 40 - Making subtraction 4-8
2022-11-02 11:12:44,554 - INFO - 40 - Making subtraction 8-8
2022-11-02 11:12:44,555 - INFO - 40 - Making subtraction 3.2-2.2
2022-11-02 11:12:44,556 - INFO - 40 - Making subtraction 3.2-2.2
2022-11-02 11:12:44,557 - INFO - 40 - Making subtraction 2-s
2022-11-02 11:12:44,558 - CRITICAL - 44 - Error - <class 'TypeError'>
